[0720/192939.015:ERROR:audio_rtp_receiver.cc(89)] AudioRtpReceiver::OnSetVolume: No audio channel exists.
[0720/192939.024:WARNING:used_ids.h(55)] Duplicate id found. Reassigning from 104 to 127
[0720/192939.024:WARNING:used_ids.h(55)] Duplicate id found. Reassigning from 102 to 125
[0720/192939.024:WARNING:used_ids.h(55)] Duplicate id found. Reassigning from 104 to 124
[0720/192939.025:WARNING:used_ids.h(55)] Duplicate id found. Reassigning from 106 to 123
[0720/192939.025:WARNING:used_ids.h(55)] Duplicate id found. Reassigning from 103 to 122
[0720/192939.025:WARNING:used_ids.h(55)] Duplicate id found. Reassigning from 105 to 121
[0720/192939.025:WARNING:used_ids.h(55)] Duplicate id found. Reassigning from 109 to 120
[0720/192939.043:WARNING:used_ids.h(55)] Duplicate id found. Reassigning from 1 to 14
[0720/192939.043:WARNING:used_ids.h(55)] Duplicate id found. Reassigning from 3 to 13
[0720/192939.043:WARNING:used_ids.h(55)] Duplicate id found. Reassigning from 5 to 12
[0720/192939.044:WARNING:used_ids.h(55)] Duplicate id found. Reassigning from 6 to 11
[0720/193043.377:WARNING:used_ids.h(55)] Duplicate id found. Reassigning from 104 to 127
[0720/193043.377:WARNING:used_ids.h(55)] Duplicate id found. Reassigning from 102 to 125
[0720/193043.377:WARNING:used_ids.h(55)] Duplicate id found. Reassigning from 104 to 124
[0720/193043.377:WARNING:used_ids.h(55)] Duplicate id found. Reassigning from 106 to 123
[0720/193043.377:WARNING:used_ids.h(55)] Duplicate id found. Reassigning from 103 to 122
[0720/193043.377:WARNING:used_ids.h(55)] Duplicate id found. Reassigning from 105 to 121
[0720/193043.378:WARNING:used_ids.h(55)] Duplicate id found. Reassigning from 109 to 120
[0720/193043.378:WARNING:used_ids.h(55)] Duplicate id found. Reassigning from 1 to 14
[0720/193043.378:WARNING:used_ids.h(55)] Duplicate id found. Reassigning from 3 to 13
[0720/193043.378:WARNING:used_ids.h(55)] Duplicate id found. Reassigning from 5 to 12
[0720/193043.378:WARNING:used_ids.h(55)] Duplicate id found. Reassigning from 6 to 11
[0720/193043.378:ERROR:audio_rtp_receiver.cc(89)] AudioRtpReceiver::OnSetVolume: No audio channel exists.
[0720/193618.292:ERROR:batching_media_log.cc(38)] MediaEvent: {"error":"FFmpegDemuxer: no supported streams"}
[0720/193618.292:ERROR:batching_media_log.cc(38)] MediaEvent: {"error":"FFmpegDemuxer: no supported streams"}
[0720/193618.292:ERROR:batching_media_log.cc(35)] MediaEvent: {"pipeline_error":14}
[0720/193618.429:ERROR:batching_media_log.cc(35)] MediaEvent: {"pipeline_error":14}
[0720/203407.100:WARNING:dns_config_service_win.cc(700)] Failed to read DnsConfig.
[0720/203407.069:WARNING:dns_config_service_win.cc(700)] Failed to read DnsConfig.
[0720/203414.144:WARNING:dns_config_service_win.cc(700)] Failed to read DnsConfig.
[0720/203414.145:WARNING:dns_config_service_win.cc(700)] Failed to read DnsConfig.
[0720/203419.155:WARNING:dns_config_service_win.cc(700)] Failed to read DnsConfig.
[0720/203419.162:WARNING:dns_config_service_win.cc(700)] Failed to read DnsConfig.
[0720/203424.168:WARNING:dns_config_service_win.cc(700)] Failed to read DnsConfig.
[0720/203424.182:WARNING:dns_config_service_win.cc(700)] Failed to read DnsConfig.
[0720/203429.179:WARNING:dns_config_service_win.cc(700)] Failed to read DnsConfig.
[0720/203429.196:WARNING:dns_config_service_win.cc(700)] Failed to read DnsConfig.
[0720/203434.195:WARNING:dns_config_service_win.cc(700)] Failed to read DnsConfig.
[0720/203434.265:WARNING:dns_config_service_win.cc(700)] Failed to read DnsConfig.
[0720/203439.234:WARNING:dns_config_service_win.cc(700)] Failed to read DnsConfig.
[0720/203439.990:WARNING:dns_config_service_win.cc(700)] Failed to read DnsConfig.
[0720/203445.040:WARNING:dns_config_service_win.cc(700)] Failed to read DnsConfig.
[0720/203448.443:WARNING:dns_config_service_win.cc(700)] Failed to read DnsConfig.
[0720/203450.799:WARNING:dns_config_service_win.cc(700)] Failed to read DnsConfig.
[0720/203517.577:WARNING:dns_config_service_win.cc(700)] Failed to read DnsConfig.
[0720/203517.577:WARNING:dns_config_service_win.cc(700)] Failed to read DnsConfig.
[0720/203526.732:WARNING:dns_config_service_win.cc(700)] Failed to read DnsConfig.
[0720/203528.035:WARNING:dns_config_service_win.cc(700)] Failed to read DnsConfig.
[0720/203531.759:WARNING:dns_config_service_win.cc(700)] Failed to read DnsConfig.
[0720/203533.776:WARNING:dns_config_service_win.cc(700)] Failed to read DnsConfig.
